 Volume in drive D is data
 Volume Serial Number is 9C95-EB87

 Directory of D:\_source\Polarion\Cmdr

05.05.2015  14:25    <DIR>          .
05.05.2015  14:25    <DIR>          ..
15.04.2015  16:23               586 ASK_ex_1.pl
21.04.2015  11:30             1ÿ200 ASK_getFailedJob.pl
30.04.2015  21:54               650 back_trace_link_1.pl
14.04.2015  14:30             1ÿ062 check_build_result.pl
12.04.2015  21:17               499 create_prop.pl
15.04.2015  16:34               602 DSL_create_procedure.pl
15.04.2015  17:40             1ÿ679 DSL_create_procedure_2.pl
15.04.2015  15:23               923 DSL_list_projects.pl
20.04.2015  14:18             3ÿ516 eced.pl
15.04.2015  17:58             1ÿ647 eced_(orig).pl
20.04.2015  20:31             6ÿ229 eced_run_wf.pl
15.04.2015  15:43                93 ectool_createProperty.cmd
13.04.2015  13:11             2ÿ144 fake_build.pl
06.08.2015  13:31               576 LR_ex_1.pl
15.04.2015  16:28             1ÿ589 LR_lab_1_(json).pl
15.04.2015  15:56             1ÿ222 LR_lab_1_(xml).pl
27.04.2015  21:18             1ÿ962 LR_lab_1_(xml)_mod_1.pl
28.04.2015  13:31               469 net_use_cmd.pl
13.04.2015  10:41               621 parse_commit_comment.pl
01.05.2015  12:39             1ÿ186 QA-C_log.pl
13.04.2015  12:54               401 set_build_result.pl
14.04.2015  12:59               456 set_test_result.pl
13.04.2015  10:27               895 show_commit_id.pl
23.04.2015  12:33               518 test_env.pl
23.04.2015  17:50             1ÿ165 transfer_job_log.pl
06.05.2015  17:43             5ÿ601 Upload_fake_log.pl
13.04.2015  13:12               463 verify_checkout.pl
12.04.2015  21:56             2ÿ142 verify_commit_draft.pl
              28 File(s)         40ÿ096 bytes
               2 Dir(s)   7ÿ821ÿ705ÿ216 bytes free
